<?xml version="1.0" encoding="UTF-8"?>
<testsuite xmlns:xsi="http://www.w3.org/2001/XMLSchema-instance" xsi:noNamespaceSchemaLocation="https://maven.apache.org/surefire/maven-surefire-plugin/xsd/surefire-test-report.xsd" name="com.crazy.TestSpark.AppTest" time="0.016" tests="1" errors="0" skipped="0" failures="0">
  <properties>
    <property name="sun.desktop" value="windows"/>
    <property name="awt.toolkit" value="sun.awt.windows.WToolkit"/>
    <property name="file.encoding.pkg" value="sun.io"/>
    <property name="java.specification.version" value="1.8"/>
    <property name="sun.cpu.isalist" value="amd64"/>
    <property name="sun.jnu.encoding" value="GBK"/>
    <property name="java.class.path" value="D:\MyStudySpace\BPO2\Back_End\TestSpark\target\test-classes;D:\MyStudySpace\BPO2\Back_End\TestSpark\target\classes;D:\Program Files\Maven_Repository\junit\junit\4.11\junit-4.11.jar;D:\Program Files\Maven_Repository\org\hamcrest\hamcrest-core\1.3\hamcrest-core-1.3.jar;"/>
    <property name="java.vm.vendor" value="Oracle Corporation"/>
    <property name="sun.arch.data.model" value="64"/>
    <property name="user.variant" value=""/>
    <property name="java.vendor.url" value="http://java.oracle.com/"/>
    <property name="user.timezone" value="Asia/Shanghai"/>
    <property name="java.vm.specification.version" value="1.8"/>
    <property name="os.name" value="Windows 10"/>
    <property name="user.country" value="CN"/>
    <property name="sun.java.launcher" value="SUN_STANDARD"/>
    <property name="sun.boot.library.path" value="D:\Program Files\Java\jdk1.8.0_211\jre\bin"/>
    <property name="sun.java.command" value="C:\Users\crazy18\AppData\Local\Temp\surefire4882371694213203639\surefirebooter1813717859606642659.jar C:\Users\crazy18\AppData\Local\Temp\surefire4882371694213203639 2021-03-10T00-15-08_314-jvmRun1 surefire5636402342041210544tmp surefire_06072659805980914779tmp"/>
    <property name="surefire.test.class.path" value="D:\MyStudySpace\BPO2\Back_End\TestSpark\target\test-classes;D:\MyStudySpace\BPO2\Back_End\TestSpark\target\classes;D:\Program Files\Maven_Repository\junit\junit\4.11\junit-4.11.jar;D:\Program Files\Maven_Repository\org\hamcrest\hamcrest-core\1.3\hamcrest-core-1.3.jar;"/>
    <property name="sun.cpu.endian" value="little"/>
    <property name="user.home" value="C:\Users\crazy18"/>
    <property name="user.language" value="zh"/>
    <property name="java.specification.vendor" value="Oracle Corporation"/>
    <property name="java.home" value="D:\Program Files\Java\jdk1.8.0_211\jre"/>
    <property name="basedir" value="D:\MyStudySpace\BPO2\Back_End\TestSpark"/>
    <property name="file.separator" value="\"/>
    <property name="line.separator" value="&#10;"/>
    <property name="java.vm.specification.vendor" value="Oracle Corporation"/>
    <property name="java.specification.name" value="Java Platform API Specification"/>
    <property name="java.awt.graphicsenv" value="sun.awt.Win32GraphicsEnvironment"/>
    <property name="surefire.real.class.path" value="C:\Users\crazy18\AppData\Local\Temp\surefire4882371694213203639\surefirebooter1813717859606642659.jar"/>
    <property name="sun.boot.class.path" value="D:\Program Files\Java\jdk1.8.0_211\jre\lib\resources.jar;D:\Program Files\Java\jdk1.8.0_211\jre\lib\rt.jar;D:\Program Files\Java\jdk1.8.0_211\jre\lib\sunrsasign.jar;D:\Program Files\Java\jdk1.8.0_211\jre\lib\jsse.jar;D:\Program Files\Java\jdk1.8.0_211\jre\lib\jce.jar;D:\Program Files\Java\jdk1.8.0_211\jre\lib\charsets.jar;D:\Program Files\Java\jdk1.8.0_211\jre\lib\jfr.jar;D:\Program Files\Java\jdk1.8.0_211\jre\classes"/>
    <property name="user.script" value=""/>
    <property name="sun.management.compiler" value="HotSpot 64-Bit Tiered Compilers"/>
    <property name="java.runtime.version" value="1.8.0_211-b12"/>
    <property name="user.name" value="crazy18"/>
    <property name="path.separator" value=";"/>
    <property name="os.version" value="10.0"/>
    <property name="java.endorsed.dirs" value="D:\Program Files\Java\jdk1.8.0_211\jre\lib\endorsed"/>
    <property name="java.runtime.name" value="Java(TM) SE Runtime Environment"/>
    <property name="file.encoding" value="GBK"/>
    <property name="java.vm.name" value="Java HotSpot(TM) 64-Bit Server VM"/>
    <property name="localRepository" value="D:\Program Files\Maven_Repository"/>
    <property name="java.vendor.url.bug" value="http://bugreport.sun.com/bugreport/"/>
    <property name="java.io.tmpdir" value="C:\Users\crazy18\AppData\Local\Temp\"/>
    <property name="idea.version" value="2020.3.1"/>
    <property name="java.version" value="1.8.0_211"/>
    <property name="user.dir" value="D:\MyStudySpace\BPO2\Back_End\TestSpark"/>
    <property name="os.arch" value="amd64"/>
    <property name="java.vm.specification.name" value="Java Virtual Machine Specification"/>
    <property name="java.awt.printerjob" value="sun.awt.windows.WPrinterJob"/>
    <property name="sun.os.patch.level" value=""/>
    <property name="java.library.path" value="D:\Program Files\Java\jdk1.8.0_211\jre\bin;C:\Windows\Sun\Java\bin;C:\Windows\system32;C:\Windows;C:\Program Files (x86)\NetSarang\Xshell 6\;C:\Windows\system32;C:\Windows;C:\Windows\System32\Wbem;C:\Windows\System32\WindowsPowerShell\v1.0\;C:\Windows\System32\OpenSSH\;C:\Program Files\NVIDIA Corporation\NVIDIA NvDLISR;C:\Program Files (x86)\NVIDIA Corporation\PhysX\Common;C:\Program Files\dotnet\;C:\Program Files\Microsoft SQL Server\130\Tools\Binn\;C:\Program Files\MySQL\MySQL Utilities 1.6\;C:\Program Files\Microsoft SQL Server\120\DTS\Binn\;C:\Program Files\Microsoft SQL Server\Client SDK\ODBC\110\Tools\Binn\;C:\Program Files (x86)\Microsoft SQL Server\120\Tools\Binn\;C:\Program Files\Microsoft SQL Server\120\Tools\Binn\;C:\Program Files (x86)\Microsoft SQL Server\120\Tools\Binn\ManagementStudio\;C:\Program Files (x86)\Microsoft SQL Server\120\DTS\Binn\;D:\Program Files\apache-tomcat-9.0.40\apache-tomcat-9.0.40\bin;C:\Program Files (x86)\dotnet\;D:\Program Files\apache-maven-3.6.3\bin;D:\Program Files\Java\jdk1.8.0_211\bin;D:\Program Files\nodejs\;D:\Program Files\Git\bin;D:\Program Files\Git\mingw64\libexec\git-core;D:\Program Files\NetSarang\Xftp 6\;D:\for_IDE\scala-2.11.8\scala-2.11.8\bin;D:\Program Files\Python\Python3\Scripts\;D:\Program Files\Python\Python3\;C:\Users\crazy18\AppData\Local\Microsoft\WindowsApps;C:\Program Files\Bandizip\;C:\Users\crazy18\.dotnet\tools;D:\Program Files\Microsoft VS Code\bin;C:\Users\crazy18\AppData\Local\GitHubDesktop\bin;C:\Users\crazy18\AppData\Roaming\npm;."/>
    <property name="java.vm.info" value="mixed mode"/>
    <property name="java.vendor" value="Oracle Corporation"/>
    <property name="java.vm.version" value="25.211-b12"/>
    <property name="java.ext.dirs" value="D:\Program Files\Java\jdk1.8.0_211\jre\lib\ext;C:\Windows\Sun\Java\lib\ext"/>
    <property name="sun.io.unicode.encoding" value="UnicodeLittle"/>
    <property name="java.class.version" value="52.0"/>
  </properties>
  <testcase name="shouldAnswerWithTrue" classname="com.crazy.TestSpark.AppTest" time="0"/>
</testsuite>